\BOOKMARK [1][-]{Doc-Start}{Inhaltsverzeichnis}{}% 1
\BOOKMARK [1][-]{section*.2}{Abbildungsverzeichnis}{}% 2
\BOOKMARK [1][-]{section*.3}{Tabellenverzeichnis}{}% 3
\BOOKMARK [1][-]{section*.5}{Abk\374rzungsverzeichnis}{}% 4
\BOOKMARK [1][-]{section.1}{Einleitung}{}% 5
\BOOKMARK [2][-]{subsection.1.1}{Projektumfeld}{section.1}% 6
\BOOKMARK [2][-]{subsection.1.2}{Projektziel}{section.1}% 7
\BOOKMARK [2][-]{subsection.1.3}{Projektbegr\374ndung}{section.1}% 8
\BOOKMARK [2][-]{subsection.1.4}{Projektschnittstellen}{section.1}% 9
\BOOKMARK [2][-]{subsection.1.5}{Projektabgrenzung}{section.1}% 10
\BOOKMARK [1][-]{section.2}{Projektplanung}{}% 11
\BOOKMARK [2][-]{subsection.2.1}{Projektphasen}{section.2}% 12
\BOOKMARK [2][-]{subsection.2.2}{Abweichung vom Projektantrag}{section.2}% 13
\BOOKMARK [2][-]{subsection.2.3}{Resourcenplanung}{section.2}% 14
\BOOKMARK [2][-]{subsection.2.4}{Entwicklungsprozess}{section.2}% 15
\BOOKMARK [1][-]{section.3}{Analysephase}{}% 16
\BOOKMARK [2][-]{subsection.3.1}{Ist-Analyse}{section.3}% 17
\BOOKMARK [2][-]{subsection.3.2}{Wirtschaftlichkeitsanalyse}{section.3}% 18
\BOOKMARK [3][-]{subsubsection.3.2.1}{Nutzen des Projekts}{subsection.3.2}% 19
\BOOKMARK [3][-]{subsubsection.3.2.2}{Kosten des Projekts}{subsection.3.2}% 20
\BOOKMARK [3][-]{subsubsection.3.2.3}{Amortisationsdauer}{subsection.3.2}% 21
\BOOKMARK [2][-]{subsection.3.3}{Risikoanalyse}{section.3}% 22
\BOOKMARK [2][-]{subsection.3.4}{''Make or Buy''-Bewertung}{section.3}% 23
\BOOKMARK [2][-]{subsection.3.5}{Nutzwertanalyse}{section.3}% 24
\BOOKMARK [2][-]{subsection.3.6}{Anwendungsf\344lle}{section.3}% 25
\BOOKMARK [2][-]{subsection.3.7}{Qalit\344tsanforderungen}{section.3}% 26
\BOOKMARK [2][-]{subsection.3.8}{Lastenheft / Fachkonzept}{section.3}% 27
\BOOKMARK [2][-]{subsection.3.9}{Zwischenstand}{section.3}% 28
\BOOKMARK [1][-]{section.4}{Entwurfsphase}{}% 29
\BOOKMARK [2][-]{subsection.4.1}{Zielplattform}{section.4}% 30
\BOOKMARK [2][-]{subsection.4.2}{Architekturdesign}{section.4}% 31
\BOOKMARK [3][-]{subsubsection.4.2.1}{Serverarchitektur}{subsection.4.2}% 32
\BOOKMARK [3][-]{subsubsection.4.2.2}{Clientarchitektur}{subsection.4.2}% 33
\BOOKMARK [2][-]{subsection.4.3}{Entwurf der Benutzeroberfl\344che}{section.4}% 34
\BOOKMARK [3][-]{subsubsection.4.3.1}{Visuelles Konzept}{subsection.4.3}% 35
\BOOKMARK [3][-]{subsubsection.4.3.2}{Prototyp}{subsection.4.3}% 36
\BOOKMARK [2][-]{subsection.4.4}{Datenmodell}{section.4}% 37
\BOOKMARK [2][-]{subsection.4.5}{Gesch\344ftslogik}{section.4}% 38
\BOOKMARK [2][-]{subsection.4.6}{Ma\337nahmen zur Qualit\344tssicherung / Testkonzept}{section.4}% 39
\BOOKMARK [2][-]{subsection.4.7}{Pflichtenheft}{section.4}% 40
\BOOKMARK [2][-]{subsection.4.8}{Zwischenstand}{section.4}% 41
\BOOKMARK [1][-]{section.5}{Implementierungsphase}{}% 42
\BOOKMARK [2][-]{subsection.5.1}{Iterationsplanung}{section.5}% 43
\BOOKMARK [2][-]{subsection.5.2}{Implementierung der Datenstrukturen}{section.5}% 44
\BOOKMARK [2][-]{subsection.5.3}{Implementierung der Gesch\344ftslogik}{section.5}% 45
\BOOKMARK [2][-]{subsection.5.4}{Implementierung der Benutzeroberfl\344che}{section.5}% 46
\BOOKMARK [2][-]{subsection.5.5}{Implementierung der Tests}{section.5}% 47
\BOOKMARK [2][-]{subsection.5.6}{Zwischenstand}{section.5}% 48
\BOOKMARK [1][-]{section.6}{Abnahmephase}{}% 49
\BOOKMARK [2][-]{subsection.6.1}{Zwischenstand}{section.6}% 50
\BOOKMARK [1][-]{section.7}{Einf\374hrungsphase}{}% 51
\BOOKMARK [2][-]{subsection.7.1}{Zwischenstand}{section.7}% 52
\BOOKMARK [1][-]{section.8}{Dokumentation}{}% 53
\BOOKMARK [2][-]{subsection.8.1}{Projektdokumentation}{section.8}% 54
\BOOKMARK [2][-]{subsection.8.2}{Benutzerdokumentation}{section.8}% 55
\BOOKMARK [2][-]{subsection.8.3}{Entwicklerdokumentation}{section.8}% 56
\BOOKMARK [2][-]{subsection.8.4}{Zwischenstand}{section.8}% 57
\BOOKMARK [1][-]{section.9}{Fazit}{}% 58
\BOOKMARK [2][-]{subsection.9.1}{Soll- / Ist-Vergleich}{section.9}% 59
\BOOKMARK [2][-]{subsection.9.2}{Lesson-Learned}{section.9}% 60
\BOOKMARK [2][-]{subsection.9.3}{Ausblick}{section.9}% 61
\BOOKMARK [1][-]{appendix.A}{Anhang}{}% 62
\BOOKMARK [2][-]{subsection.A.1}{Projektphasen}{appendix.A}% 63
\BOOKMARK [2][-]{subsection.A.2}{Risikoanalyse}{appendix.A}% 64
\BOOKMARK [2][-]{subsection.A.3}{''Make or Buy''-Bewertung}{appendix.A}% 65
\BOOKMARK [2][-]{subsection.A.4}{Kosten\374bersicht nach Projektphasen}{appendix.A}% 66
\BOOKMARK [2][-]{subsection.A.5}{Nutzwertanalyse}{appendix.A}% 67
\BOOKMARK [3][-]{subsubsection.A.5.1}{Backend-Architektur}{subsection.A.5}% 68
\BOOKMARK [3][-]{subsubsection.A.5.2}{Frontend-Architektur}{subsection.A.5}% 69
\BOOKMARK [2][-]{subsection.A.6}{Use-Case Diagramme}{appendix.A}% 70
\BOOKMARK [3][-]{subsubsection.A.6.1}{Wiki konvertieren}{subsection.A.6}% 71
\BOOKMARK [3][-]{subsubsection.A.6.2}{Wiki bearbeiten}{subsection.A.6}% 72
\BOOKMARK [2][-]{subsection.A.7}{Qualit\344tsanforderungen \(Auszuf aus Pflichtenheft\)}{appendix.A}% 73
\BOOKMARK [2][-]{subsection.A.8}{Lastenheft \(Auszug\)}{appendix.A}% 74
\BOOKMARK [2][-]{subsection.A.9}{Oberfl\344chenprototyp}{appendix.A}% 75
\BOOKMARK [2][-]{subsection.A.10}{Entity-Relationship-Modell}{appendix.A}% 76
\BOOKMARK [2][-]{subsection.A.11}{Komponentendiagramm}{appendix.A}% 77
\BOOKMARK [2][-]{subsection.A.12}{Pflichtenheft \(Auszug\)}{appendix.A}% 78
\BOOKMARK [2][-]{subsection.A.13}{Iterationsplan}{appendix.A}% 79
\BOOKMARK [2][-]{subsection.A.14}{Listings}{appendix.A}% 80
